#separator \x09
#set_separator	,
#empty_field	(empty)
#unset_field	-
#path	top_urls
#open	2019-12-10-03-14-49
#fields	epoch_time	top_list	top_counts
#types	time	vector[string]	vector[count]
1575965689.990286	registrodelog.com,goo.gl,storage.googleapis.com,cdn.fbsbx.com	612,206,206,206
1575965699.990311	registrodelog.com,goo.gl,storage.googleapis.com,cdn.fbsbx.com	2040,678,678,678
1575965709.990363	registrodelog.com,goo.gl,storage.googleapis.com,cdn.fbsbx.com	2036,680,680,680
1575965719.992409	registrodelog.com,goo.gl,storage.googleapis.com,cdn.fbsbx.com,www.bing.com,translate.googleapis.com,api.bing.com,cnet4.cbsistatic.com,cnet3.cbsistatic.com,kerkhof-opgrimbie.be,www.virustotal.com,1.winsrw.com,2.winsrw.com,service8.org,mssvr2.com,3.winsrw.com,4.winsrw.com,5.winsrw.com,z.moatads.com,cnet2.cbsistatic.com	1312,436,436,436,304,163,152,122,122,122,122,122,122,122,122,122,122,122,121,121
1575965729.994423	www.bing.com,api.bing.com,translate.googleapis.com,1.winsrw.com,2.winsrw.com,service8.org,mssvr2.com,3.winsrw.com,4.winsrw.com,5.winsrw.com,kerkhof-opgrimbie.be,cnet1.cbsistatic.com,z.moatads.com,cnet2.cbsistatic.com,cnet4.cbsistatic.com,cnet3.cbsistatic.com,tpc.googlesyndication.com,partner.googleadservices.com,www.googletagservices.com,native.sharethrough.com	1044,522,495,293,293,293,293,293,293,293,291,290,290,290,290,290,289,289,289,289
1575965739.995396	www.bing.com,lyonperugh.ru,rowresedsi.ru,eventretutpe.ru,hatronrebid.ru,mirightover.ru,kekettoldrit.ru,coandwitred.ru,didnwitjohers.ru,tonssoflejus.ru,checkip.dyndns.org,johnbehat.ru,lactalhedttin.bit,usedintgould.com,www.chuppon.cl,kedugutret.ru,buladoremedio.com,andrinredin.ru,api.ipify.org,hisgotinla.com	382,262,261,260,260,259,259,259,259,258,257,255,254,249,241,240,240,239,239,239
1575965750.029113	lyonperugh.ru,rowresedsi.ru,mirightover.ru,tonssoflejus.ru,johnbehat.ru,lactalhedttin.bit,didnwitjohers.ru,eventretutpe.ru,hatronrebid.ru,kekettoldrit.ru,coandwitred.ru,checkip.dyndns.org,usedintgould.com,www.chuppon.cl,kedugutret.ru,andrinredin.ru,feenloning.com,herstihenone.com,suhanbutar.com,sindintmoro.ru	540,535,535,530,520,274,273,273,273,270,270,265,246,203,196,181,180,180,180,180
1575965760.036526	mirightover.ru,lyonperugh.ru,rowresedsi.ru,tonssoflejus.ru,johnbehat.ru,kekettoldrit.ru,coandwitred.ru,didnwitjohers.ru,eventretutpe.ru,hatronrebid.ru,lactalhedttin.bit,checkip.dyndns.org,usedintgould.com,kedugutret.ru,www.chuppon.cl,buladoremedio.com,sindintmoro.ru,andrinredin.ru,api.ipify.org,hisgotinla.com	713,709,706,702,696,249,249,249,249,249,233,230,217,166,166,159,158,158,158,158
1575965770.036527	mirightover.ru,lyonperugh.ru,rowresedsi.ru,tonssoflejus.ru,johnbehat.ru,kekettoldrit.ru,coandwitred.ru,didnwitjohers.ru,eventretutpe.ru,hatronrebid.ru,checkip.dyndns.org,lactalhedttin.bit,usedintgould.com,www.chuppon.cl,kedugutret.ru,herstihenone.com,suhanbutar.com,sindintmoro.ru,andrinredin.ru,feenloning.com	659,653,646,644,636,240,240,240,240,240,234,231,211,170,164,149,149,149,149,148
1575965780.041738	de.tempestbytori.com,mirightover.ru,lyonperugh.ru,rowresedsi.ru,tonssoflejus.ru,johnbehat.ru,nonudoka.top,www.2d3l26uecqgi.com,www.4onteepgattewd.com,www.pckyzzrmhm7jjw4mzzbp2z.com,www.lq4ebgjq2hgws5l4ryuxak.com,www.iqmh.com,www.phatg66lxykgo.com,www.ixyt7zo.com,www.faiz.com,amond.info,ipinfo.io,wdwefwefwwfewdefewfwefw.onion,www.2hwfdjveoq2gzimqurbfie.com,www.x4j5zwyo6vtkdw45yy42gza.com	3714,490,490,484,480,480,449,258,258,258,258,258,258,258,258,258,258,258,257,257
1575965790.041741	ipinfo.io,wdwefwefwwfewdefewfwefw.onion,www.e3e65k55waf.com,www.qy756mf7ard6huskj4.com,www.4jsi7.com,www.keccbiss47pdvkwjel.com,www.oae22hqsrxbjjc3g.com,www.w7kpodbhil7ejyxm.com,www.gaie.com,www.2hwfdjveoq2gzimqurbfie.com,www.x4j5zwyo6vtkdw45yy42gza.com,www.2d3l26uecqgi.com,www.4onteepgattewd.com,www.pckyzzrmhm7jjw4mzzbp2z.com,www.lq4ebgjq2hgws5l4ryuxak.com,www.iqmh.com,www.phatg66lxykgo.com,www.ixyt7zo.com,www.faiz.com,amond.info	315,315,315,315,314,314,314,314,314,314,314,314,314,314,314,314,314,314,314,314
1575965800.041741	s3.us-east-2.amazonaws.com,client.teamviewer.com,support.microsoft.com,inf.hambersandp02.host,www.bing.com,controlek01.asia,master7.teamviewer.com,ping3.teamviewer.com,ipinfo.io,www.lq4ebgjq2hgws5l4ryuxak.com,www.iqmh.com,www.phatg66lxykgo.com,www.ixyt7zo.com,www.faiz.com,www.virustotal.com,amond.info,www.x4j5zwyo6vtkdw45yy42gza.com,www.2d3l26uecqgi.com,www.4onteepgattewd.com,www.pckyzzrmhm7jjw4mzzbp2z.com	469,465,464,359,358,357,354,352,256,252,252,252,252,252,252,252,251,251,251,251
1575965810.041741	client.teamviewer.com,s3.us-east-2.amazonaws.com,support.microsoft.com,inf.hambersandp02.host,www.bing.com,master7.teamviewer.com,ping3.teamviewer.com,controlek01.asia,ipinfo.io	625,525,498,263,253,250,248,236,3
1575965820.047356	client.teamviewer.com,support.microsoft.com,s3.us-east-2.amazonaws.com,www.bing.com,inf.hambersandp02.host,ping3.teamviewer.com,master7.teamviewer.com,controlek01.asia	688,433,431,218,215,207,206,182
1575965830.047357	client.teamviewer.com,s3.us-east-2.amazonaws.com,support.microsoft.com,inf.hambersandp02.host,master7.teamviewer.com,ping3.teamviewer.com,www.bing.com,controlek01.asia	435,214,174,108,105,104,99,97
1575965842.871365	212jhhhvvhhvvhv.cf,gamebingfree.info,www.fkauueeepla.top,p27dokhpz2n7nvgr.1jhnvt.top,p27dokhpz2n7nvgr.1apkjn.top,client.teamviewer.com,controlek01.asia,naemura-fuel.co.jp	446,442,425,421,419,110,1,1
1575965852.890904	p27dokhpz2n7nvgr.14udep.top,p27dokhpz2n7nvgr.1dsdm4.top,p27dokhpz2n7nvgr.16qpet.top,suhanbutar.com,checkip.dyndns.org,keinketone.com,naemura-fuel.co.jp,api.ipify.org,www.cellulaze-gr.com,gamebingfree.info,p27dokhpz2n7nvgr.1apkjn.top	848,844,840,71,54,26,25,12,12,1,1
1575965862.897081	suhanbutar.com,checkip.dyndns.org,naemura-fuel.co.jp,keinketone.com,api.ipify.org,www.cellulaze-gr.com,www.virustotal.com	181,142,70,68,46,33,2
1575965872.909932	suhanbutar.com,checkip.dyndns.org,naemura-fuel.co.jp,keinketone.com,api.ipify.org,www.cellulaze-gr.com	818,664,319,310,187,154
1575965882.928036	checkip.dyndns.org,suhanbutar.com,api.ipify.org,herstihenone.com,naemura-fuel.co.jp,keinketone.com,www.cellulaze-gr.com,margo.co.jp,hitorsletna.com,istanbulescortvip.net	641,539,294,244,220,213,108,65,64,32
1575965892.931804	herstihenone.com,checkip.dyndns.org,api.ipify.org,margo.co.jp,hitorsletna.com,istanbulescortvip.net,suhanbutar.com	375,329,158,104,98,50,1
1575965902.937125	herstihenone.com,checkip.dyndns.org,margo.co.jp,hitorsletna.com,istanbulescortvip.net,api.ipify.org	35,31,7,4,3,2
1575965913.052209	herstihenone.com,checkip.dyndns.org,margo.co.jp,hitorsletna.com,istanbulescortvip.net,api.ipify.org	28,22,9,8,5,4
1575965927.831135	herstihenone.com,checkip.dyndns.org,hitorsletna.com,margo.co.jp,api.ipify.org,istanbulescortvip.net,www.virustotal.com	30,26,9,8,5,5,1
1575965952.126826	athodifor.com,checkip.dyndns.org,www.3i4dqptu3hyrg.com,www.c6odq2ly.com,www.smile7.smileproduktionsbyra.se,www.newgrand.com.hk,api.ipify.org,evengparterdi.com	37,11,11,11,10,10,9,8
1575965962.126903	athodifor.com,www.newgrand.com.hk,www.3i4dqptu3hyrg.com,www.c6odq2ly.com,evengparterdi.com,checkip.dyndns.org,www.smile7.smileproduktionsbyra.se,api.ipify.org,www.virustotal.com	318,86,83,83,79,79,77,76,2
1575965972.131801	athodifor.com,www.c6odq2ly.com,checkip.dyndns.org,www.3i4dqptu3hyrg.com,www.smile7.smileproduktionsbyra.se,api.ipify.org,evengparterdi.com,www.newgrand.com.hk,www.virustotal.com	481,129,128,128,127,126,126,125,2
1575965982.165219	rackhouselubbock.com,strong.fenn.net.au,onlinetechsupoffice.bid,1sthelper31212123456.tk,mrs-inkjet.com,kodmax.com,n0blecalling30501123456789.tk,nn0blesapport6050112345.tk,nelson3081.tk,angel30811.ml,one-hour.fr,bv.truecompassdesigns.net,doctors.live,athodifor.com,checkip.dyndns.org,www.c6odq2ly.com,www.3i4dqptu3hyrg.com,www.newgrand.com.hk,www.smile7.smileproduktionsbyra.se,evengparterdi.com	1006,774,508,508,456,453,452,452,345,345,341,132,132,70,20,20,18,18,17,17
1575965992.282412	strong.fenn.net.au,doctors.live,bv.truecompassdesigns.net,unhanorarse.info,freegeoip.net,jns.co.th,athodifor.com,mrs-inkjet.com	303,71,68,59,59,59,2,1
1575966002.360752	rtvsolution.ws,pationare.bit,ipacuniv.com,www.redirectforum.ru,letrockstadawsa.top,ipecho.net,atakan.com,bv.truecompassdesigns.net	851,466,325,26,17,11,9,1
1575966012.365533	andonetonssof.com,hedttoftsanot.ru,letrockstadawsa.top,api.ipify.org,www.kreasiplakat.com,checkip.dyndns.org,www.4lv5pjxv.com,k-lightsupply.net,www.ar76pac7j2it4mpedttjej.com,www.xx5rcao.com,www.ew73hwbxysbqt7.com,www.yai6yc524lmy.com	13,12,7,7,7,6,6,5,3,3,3,3
1575966022.444779	hedttoftsanot.ru,andonetonssof.com,www.4lv5pjxv.com,checkip.dyndns.org,k-lightsupply.net,api.ipify.org,www.kreasiplakat.com,www.xx5rcao.com,www.ew73hwbxysbqt7.com,www.yai6yc524lmy.com,www.ar76pac7j2it4mpedttjej.com	69,38,24,23,20,20,20,19,19,19,18
1575966032.447768	pronetads.com,github.com,raw.githubusercontent.com,1sjs21891.ru,hedttoftsanot.ru,andonetonssof.com,adobeflashplayer.ki1ahb.xyz,5chrup56.ru,zad33a.ru,k-lightsupply.net,www.ar76pac7j2it4mpedttjej.com,www.xx5rcao.com,www.ew73hwbxysbqt7.com,www.yai6yc524lmy.com,www.kreasiplakat.com,api.ipify.org,checkip.dyndns.org,www.4lv5pjxv.com	1316,536,535,529,526,350,268,267,266,184,179,179,179,178,175,174,172,172
1575966042.449006	pationare.bit,pronetads.com,raw.githubusercontent.com,github.com,1sjs21891.ru,jhdgh.site,5chrup56.ru,zad33a.ru,adobeflashplayer.ki1ahb.xyz,hedttoftsanot.ru,k-lightsupply.net	1545,633,276,269,257,249,130,129,129,1,1
1575966052.449365	hepbetretgot.com,api.ipify.org,mangosdehacha.org,agroeconom.kz,hershepcomi.com,jhdgh.site,pationare.bit,zad33a.ru,raw.githubusercontent.com,adobeflashplayer.ki1ahb.xyz	680,343,342,329,313,113,11,1,1,1
1575966062.459852	aaronfinancial.net,aspmx2.googlemail.com,mx1.mail.icloud.com,ff-ip4-mx-vip1.prodigy.net,mx4soho25.carrierzone.com,ppmx8.its.rochester.edu,prodmx3l.usaa.com,d54898a.ess.barracudanetworks.com,mxrelay.wiredmedia.net,office2.postnewspapers.com.au,userp2040.oracle.com,ppmx6.its.rochester.edu,alt1.aspmx.l.google.com,resmail02.zurichna.com,mail1.tetratech.com,mga03.intel.com,jeffwinslow.com,jeffwinslow-com.mail.protection.outlook.com,mga07.intel.com,mx2.hotmail.com	1441,1441,1440,1440,1440,1440,1440,1440,1440,1440,1440,1440,1440,1440,1440,1440,1440,1440,1439,1439
1575966072.516417	us-smtp-inbound-2.mimecast.com,sessmg12.ericsson.net,direcway.com,a34-mta03.direcpc.com,mx1.arla.c3s2.iphmx.com,smtp1.rjf.com,mx2.emailsrvr.com,mailgate01.msha.com,southcliff-com.mail.protection.outlook.com,mx2.esprinet.com,d57445b.ess.barracudanetworks.com,etrn.is.nl,mx1.mail.icloud.com,mail01.jmpsecurities.com,gmail-smtp-in.l.google.com,happyspizza.com.1.0001.arsmtp.com,alt2.aspmx.l.google.com,sesbmg13.ericsson.net,east.smtp.mx.exch080.serverdata.net,d57445a.ess.barracudanetworks.com	906,906,906,906,906,906,906,906,906,906,906,906,906,906,906,906,906,906,906,906
1575966082.777353	west.smtp.exch029.serverdata.net,alt3.aspmx.l.google.com,aspmx3.googlemail.com,alt2.aspmx.l.google.com,www.timeconsulting.co.th,glacierparkinc.com,mail.rosspark.com,anthem.com,fallbackmx.spamexperts.eu,mx1.emailsrvr.com,mx2.jnj.iphmx.com,sesbmg12.ericsson.net,alt4.aspmx.l.google.com,cluster4a.us.messagelabs.com,jnj.mail.protection.outlook.com,cluster4.us.messagelabs.com,alt1.aspmx.l.google.com,d52368b.ess.barracudanetworks.com,aspmx.l.google.com,mx1-us1.ppe-hosted.com	502,502,502,502,502,501,501,501,501,501,501,501,501,501,501,501,501,501,501,501
1575966092.807272	astec-asia.com,www.timeconsulting.co.th,taronwifi.com,aspmx.l.google.com,mx1-us1.ppe-hosted.com,west.smtp.exch029.serverdata.net,alt3.aspmx.l.google.com,aspmx3.googlemail.com,alt2.aspmx.l.google.com,api.ipify.org,www.ligaslastorres.es,rinmisupher.com,mx2.jnj.iphmx.com,sesbmg12.ericsson.net,alt4.aspmx.l.google.com,cluster4a.us.messagelabs.com,jnj.mail.protection.outlook.com,cluster4.us.messagelabs.com,alt1.aspmx.l.google.com,d52368b.ess.barracudanetworks.com	468,468,468,467,467,467,467,467,467,467,467,467,466,466,466,466,466,466,466,466
1575966102.837109	aspmx.l.google.com,paxtoncat.com.au,spectrumbrands.com,proxistore-com.mail.protection.outlook.com,spaparts.com,shi.com,newbase.com,rti-org.mail.protection.outlook.com,stark-kg.de,asiampx015.pwc.com,simon.rochester.edu,studentnow.net,tbesoc.org,seleniumhotel.com,tennk12.net,soccershop.com,sltn.nl,mx.zmail300.cn,redcar-cleveland.gov.uk,mail2.siteaction.biz	518,517,517,517,517,517,517,517,517,517,517,517,517,517,517,517,517,517,516,516
1575966112.877868	www.cabanadosol.net,www.horariodebrasilia.org,tsskbmesa01.teps.telus.com,archaeologicaldialogues.com,chunduhotel.com,rsk-online.de,jmpsecurities.com,hotfrog-com.mail.protection.outlook.com,mail02.jmpsecurities.com,novozymes.mail.protection.outlook.com,smtp.secureserver.net,gourmet-canape.com,spam.urt.com.tw,wiczerzelmar.com,winscribe.com,polipol.ro,conexant.com,mail.timing.nl,vianow.com,d57445a.ess.barracudanetworks.com	178,171,171,171,171,171,171,170,170,170,170,170,170,170,170,170,170,170,170,170
1575966122.877869	www.cabanadosol.net,www.horariodebrasilia.org,www.google.com.br,webapp29411.ip-45-79-5-198.configrapp.com,aerospacedefenceproducts.com.au,capersbookstore.com.au,abcfire-peru.com,mail.sltn.nl,cluster2.us.messagelabs.com,alt4.aspmx.l.google.com,resmail01.zurichna.com,tetratech.com,tegoohotel.com,vaccessxx.com,kff.ca,mga07.intel.com,spam.urt.com.tw,wayne.k12.ny.us,wiczerzelmar.com,winscribe.com	14,6,4,4,3,3,3,3,3,3,3,3,3,3,3,3,3,3,3,3
1575966132.915823	www.google.com.br,www.horariodebrasilia.org,www.protecaostart.com.br,www.cabanadosol.net,webapp29411.ip-45-79-5-198.configrapp.com	16,6,4,2,1
1575966143.102790	www.google.com.br,www.cabanadosol.net,www.horariodebrasilia.org,www.protecaostart.com.br,webapp29411.ip-45-79-5-198.configrapp.com	28,16,16,7,5
1575966153.102791	www.google.com.br,www.horariodebrasilia.org,www.cabanadosol.net,www.protecaostart.com.br,webapp29411.ip-45-79-5-198.configrapp.com	70,52,52,17,16
1575966163.102792	www.google.com.br,www.horariodebrasilia.org,www.cabanadosol.net,webapp29411.ip-45-79-5-198.configrapp.com,www.protecaostart.com.br,www.virustotal.com	492,370,246,123,123,1
1575966173.102792	bmooc.net,www.lcmarkets.com.au,www.virustotal.com,www.horariodebrasilia.org	298,295,6,1
1575966183.104103	www.fffgooaldq.top,www.chromefastl.top,bmooc.net,www.lcmarkets.com.au,www.virustotal.com	871,718,581,285,4
1575966193.104107	spora.biz,bmooc.net,laurel.net.au,xn--80aaumty.xn--p1ai,www.virustotal.com,www.fffgooaldq.top,www.chromefastl.top	979,283,113,104,5,1,1
1575966203.104113	xn--80aaumty.xn--p1ai,laurel.net.au,www.virustotal.com	319,317,4
1575966213.104115	xn--80aaumty.xn--p1ai,laurel.net.au,www.virustotal.com	335,331,1
1575966223.133187	topyzscsu5poprxy.onion.link,www.smartwashingtonhomebuyers.com,psoeiras.net,yunityreyrehol.top,www.nowsunnygk.top,rusotdelka33.ru,api.ipify.org,veuntedund.com,www.so-quest.fr,www.virustotal.com,laurel.net.au,xn--80aaumty.xn--p1ai	4003,801,800,529,113,46,44,44,44,3,1,1
1575966233.133187	talwilwasled.com,beoftmala.com,api.ipify.org,veuntedund.com,vaultpit.com,all4insurance.com,checkip.dyndns.org,www.so-quest.fr,rusotdelka33.ru,www.nowsunnygk.top,yunityreyrehol.top,www.virustotal.com	236,216,199,125,120,112,109,81,75,2,1,1
1575966243.133188	beoftmala.com,talwilwasled.com,all4insurance.com,checkip.dyndns.org,api.ipify.org,vaultpit.com,veuntedund.com,www.virustotal.com	641,635,323,322,319,317,81,1
1575966253.133190	talwilwasled.com,beoftmala.com,printscreens.info,vaultpit.com,api.ipify.org,checkip.dyndns.org,all4insurance.com,joconner.com,www.pudgenormpers.com,clinicalpsychology.psiedu.ubbcluj.ro	220,212,187,113,112,109,107,104,98,86
1575966263.133191	printscreens.info,www.pudgenormpers.com,joconner.com,clinicalpsychology.psiedu.ubbcluj.ro,smtp.mail.com,weekendnerd.com,whatismyipaddress.com,beoftmala.com,all4insurance.com,checkip.dyndns.org	1091,544,542,536,110,56,55,1,1,1
1575966273.146949	kedfortmoleft.ru,smtp.mail.com,weekendnerd.com,whatismyipaddress.com,www.google.com,andrejoter.com,utahrates.com,api.ipify.org,wingchun-giessen.de,httpbin.org	6164,1101,549,548,522,471,249,236,236,87
1575966283.287278	ugf57wl6uexcj7fu.onion.link,www.newsectorbs.top,associazioneignis.it,ipinfo.io,myexternalip.com,laveentrading.com,summi.space,usdata.estoreseller.com,fabriquekorea.com,whoisfoxxrobiouy.net,smtp.mail.com,weekendnerd.com,api.ipify.org	645,236,155,150,136,135,130,128,101,97,1,1,1
1575966293.525560	myip.opendns.com,www.x35gdol.com,nod32s.com,www.i7y5nybf.com,www.bxtnmz5xqentvfchcwucl.com,www.m575z4rf.com,www.fv7hzpquus2hj74cyqz4sk.com,www.hoolzp6mae.com,www.aa6c6i6yaxnw5qdhna.com,www.pi7v.com,www.rpcm4xjvlhe.com,www.qxq23ryvyq3hxsaeq6dysk.com,resolver1.opendns.com,curlmyip.net,222.222.67.208.in-addr.arpa,www.newsectorbs.top,www.sunlab.org,red.andrewmelbourne.net,whoisfoxxrobiouy.net,fabriquekorea.com	50,41,41,39,39,39,39,39,39,39,39,39,39,39,39,39,39,39,39,39
1575966304.071083	spora.bz,myip.opendns.com,www.virustotal.com,resolver1.opendns.com,curlmyip.net,nod32s.com,www.pi7v.com,www.rpcm4xjvlhe.com,www.qxq23ryvyq3hxsaeq6dysk.com,www.44ka4vr5yxeulvdfrhv7cj.com,www.hguxx3sjbe.com,www.sunlab.org,red.andrewmelbourne.net,222.222.67.208.in-addr.arpa,www.i7y5nybf.com,www.bxtnmz5xqentvfchcwucl.com,www.m575z4rf.com,www.fv7hzpquus2hj74cyqz4sk.com,www.hoolzp6mae.com,www.aa6c6i6yaxnw5qdhna.com	79,66,53,49,49,49,48,48,48,48,48,48,48,48,47,47,47,47,47,47
1575966314.071083	pool.minexmr.com,thang1217.ru,coccoc.accountant,thang12.ru,222.222.67.208.in-addr.arpa,www.virustotal.com,nod32s.com,myip.opendns.com	236,168,63,53,15,15,9,1
1575966324.190309	tontrumuchtors.com,www.google.cz,notheccodidn.com,phinamco.com,fkksjobnn43.org,ciiltire.com,78tguyc876wwirglmltm.net,abyzon.com,securedorderluinc.com,google.com,webtarahan.ir,launchinlevi.com,sanginpayeh.com,api.ipify.org,tsivn.com.vn,www.virustotal.com,locked.netlfix.com.confirm.account.netsecure-cancel.com,apps.identrust.com,pool.minexmr.com,netsecure-cancel.com	2050,338,307,234,231,218,218,218,180,171,160,160,158,155,82,4,2,2,1,1
1575966334.190313	locked.netlfix.com.confirm.account.netsecure-cancel.com,hv7verjdhfbvdd44f.info,unityqueryzouneasty.pw,p27dokhpz2n7nvgr.1mfakx.top,apps.identrust.com,netsecure-cancel.com,mohurndertil.com,poshbathbombs.com,tohinwithec.com,www.rptosk5dv5vxjj.com,www.oyfxqhux.com,www.wczbjswy6s4u.com,www.euka.com,api.ipify.org,wood-boards.com,www.em7rfkowil5x.com,checkip.dyndns.org,webtarahan.ir,fkksjobnn43.org,tsivn.com.vn	1856,432,257,256,152,147,11,6,5,5,5,5,4,4,4,3,2,1,1,1
1575966344.249025	mohurndertil.com,tohinwithec.com,api.ipify.org,pationare.bit,wood-boards.com,checkip.dyndns.org,www.em7rfkowil5x.com,www.euka.com,poshbathbombs.com,www.rptosk5dv5vxjj.com,www.wczbjswy6s4u.com,www.oyfxqhux.com,locked.netlfix.com.confirm.account.netsecure-cancel.com	93,57,33,31,31,30,30,22,22,21,21,20,1
1575966354.256618	mohurndertil.com,tohinwithec.com,checkip.dyndns.org,www.em7rfkowil5x.com,poshbathbombs.com,www.rptosk5dv5vxjj.com,www.euka.com,www.wczbjswy6s4u.com,www.oyfxqhux.com,wood-boards.com,api.ipify.org	47,46,24,24,23,20,19,19,18,17,16
1575966364.271521	www.56ac2ofj.com,www.4dsf7dxeeg3.com,www.tjwjh.com,www.357qw.com,www.7wuyej4yv4gcx6qntm.com,www.757tcsbcvtu6jpfyspgk.com,www.spp44lkamtf2y.com,www.a6gzlmxw2s7vw43.com,www.fkpowi.com,www.4pcocbbgziczz.com,www.7gm6.com,www.bmzls.com,www.7fdjun2bpiwr4rzooy2wqpkt.com,www.refggognvbqephfev5odfw.com,rabbey.info,www.tfgqnqzegt.com,www.be65sw.com,www.6aiy35ftg4.com,www.rc2lm5jzesc.com,www.gyhbu6lu3cg43twcufdnzcj.com	21,21,21,21,21,21,21,21,21,21,21,21,21,21,21,20,20,20,20,20
1575966374.571106	www.zs5cszg.com,ipinfo.io,www.757tcsbcvtu6jpfyspgk.com,www.spp44lkamtf2y.com,www.a6gzlmxw2s7vw43.com,www.fkpowi.com,www.4pcocbbgziczz.com,www.7gm6.com,www.bmzls.com,www.7fdjun2bpiwr4rzooy2wqpkt.com,www.refggognvbqephfev5odfw.com,rabbey.info,www.6aiy35ftg4.com,www.rc2lm5jzesc.com,www.gyhbu6lu3cg43twcufdnzcj.com,www.56ac2ofj.com,www.4dsf7dxeeg3.com,www.tjwjh.com,www.357qw.com,www.7wuyej4yv4gcx6qntm.com	33,31,29,29,29,29,29,29,29,29,29,29,28,28,28,28,28,28,28,28
1575966384.575926	torifyme.com,p27dokhpz2n7nvgr.1jpb8w.top,badwerkad.top,wdwefwefwwfewdefewfwefw.onion,www.zs5cszg.com,ipinfo.io,www.fkpowi.com,www.4pcocbbgziczz.com,www.7gm6.com,www.bmzls.com,www.7fdjun2bpiwr4rzooy2wqpkt.com,www.refggognvbqephfev5odfw.com,rabbey.info,www.4dsf7dxeeg3.com,www.tjwjh.com,www.357qw.com,www.7wuyej4yv4gcx6qntm.com,www.757tcsbcvtu6jpfyspgk.com,www.spp44lkamtf2y.com,www.a6gzlmxw2s7vw43.com	741,265,265,43,41,40,40,40,40,40,40,40,40,39,39,39,39,39,39,39
1575966388.999567	p27dokhpz2n7nvgr.1jpb8w.top,badwerkad.top,wdwefwefwwfewdefewfwefw.onion	10,10,3
